<?xml version="1.0" encoding="UTF-8"?>
<!-- Generated by org.testng.reporters.JUnitReportReporter -->
<testsuite hostname="DEEKAY-PC" failures="0" tests="1" name="com.browser.Launchchrome" time="5.911" errors="0" timestamp="2021-12-13T20:04:11 IST" skipped="0">
  <testcase classname="com.browser.Launchchrome" name="login" time="5.911"/>
  <system-out/>
</testsuite> <!-- com.browser.Launchchrome -->
