<?xml version="1.0" encoding="UTF-8"?>
<!-- Generated by org.testng.reporters.JUnitReportReporter -->
<testsuite hostname="DEEKAY-PC" failures="0" tests="4" name="com.rows.Laptop" time="0.005" errors="0" timestamp="2021-12-13T19:22:56 IST" skipped="0">
  <testcase classname="com.rows.Laptop" name="test8" time="0.001"/>
  <system-out/>
  <testcase classname="com.rows.Laptop" name="test1" time="0.002"/>
  <system-out/>
  <testcase classname="com.rows.Laptop" name="test3" time="0.001"/>
  <system-out/>
  <testcase classname="com.rows.Laptop" name="test7" time="0.001"/>
  <system-out/>
</testsuite> <!-- com.rows.Laptop -->
