<?xml version="1.0" encoding="UTF-8"?>
<!-- Generated by org.testng.reporters.JUnitReportReporter -->
<testsuite hostname="DEEKAY-PC" failures="0" tests="1" name="com.sheets.Testngadactin" time="9.090" errors="0" timestamp="2021-12-12T20:56:28 IST" skipped="0">
  <testcase classname="com.sheets.Testngadactin" name="booking" time="9.090"/>
  <system-out/>
</testsuite> <!-- com.sheets.Testngadactin -->
