<?xml version="1.0" encoding="UTF-8"?>
<!-- Generated by org.testng.reporters.JUnitReportReporter -->
<testsuite hostname="DEEKAY-PC" failures="0" tests="1" name="com.browser.Launchfirefox" time="7.311" errors="0" timestamp="2021-12-13T18:49:47 IST" skipped="0">
  <testcase classname="com.browser.Launchfirefox" name="login" time="7.311"/>
  <system-out/>
</testsuite> <!-- com.browser.Launchfirefox -->
