<?xml version="1.0" encoding="UTF-8"?>
<!-- Generated by org.testng.reporters.JUnitReportReporter -->
<testsuite hostname="DEEKAY-PC" failures="0" tests="1" name="com.browser.Launchedge" time="2.424" errors="0" timestamp="2021-12-13T20:01:18 IST" skipped="0">
  <testcase classname="com.browser.Launchedge" name="login" time="2.424"/>
  <system-out/>
</testsuite> <!-- com.browser.Launchedge -->
