<?xml version="1.0" encoding="UTF-8"?>
<!-- Generated by org.testng.reporters.JUnitReportReporter -->
<testsuite hostname="DEEKAY-PC" failures="0" tests="1" name="com.sheets.Adacfinal" time="15.616" errors="0" timestamp="2021-12-24T23:17:15 IST" skipped="0">
  <testcase classname="com.sheets.Adacfinal" name="booking" time="15.616"/>
  <system-out/>
</testsuite> <!-- com.sheets.Adacfinal -->
