<?xml version="1.0" encoding="UTF-8"?>
<!-- Generated by org.testng.reporters.JUnitReportReporter -->
<testsuite skipped="0" hostname="DEEKAY-PC" name="com.sheets.Testngadactin" tests="1" failures="0" timestamp="2021-12-24T23:20:24 IST" time="10.322" errors="0">
  <testcase name="booking" time="10.322" classname="com.sheets.Testngadactin"/>
  <system-out/>
</testsuite> <!-- com.sheets.Testngadactin -->
